c:\vsshell\custombuild\vsshellstub1\vsshellstub1\vsshellstub1\debug\vsshellstub1.pch
c:\vsshell\custombuild\vsshellstub1\vsshellstub1\vsshellstub1\debug\vc140.pdb
c:\vsshell\custombuild\vsshellstub1\vsshellstub1\vsshellstub1\debug\vc140.idb
c:\vsshell\custombuild\vsshellstub1\vsshellstub1\vsshellstub1\debug\stdafx.obj
c:\vsshell\custombuild\vsshellstub1\vsshellstub1\vsshellstub1\debug\vsshellstub1.obj
c:\vsshell\custombuild\vsshellstub1\vsshellstub1\vsshellstub1\debug\shellsection.obj
c:\vsshell\custombuild\vsshellstub1\debug\vsshellstub1.ilk
c:\vsshell\custombuild\vsshellstub1\debug\vsshellstub1.exe
c:\vsshell\custombuild\vsshellstub1\debug\vsshellstub1.pdb
c:\vsshell\custombuild\vsshellstub1\vsshellstub1\vsshellstub1\debug\vsshellstub1.res
c:\users\mario hsiao\source\repos\visualstudioisolatedshell2015\vsshellstub1\vsshellstub1\vsshellstub1\debug\shellsection.obj
c:\users\mario hsiao\source\repos\visualstudioisolatedshell2015\vsshellstub1\vsshellstub1\vsshellstub1\debug\stdafx.obj
c:\users\mario hsiao\source\repos\visualstudioisolatedshell2015\vsshellstub1\vsshellstub1\vsshellstub1\debug\vsshellstub1.obj
c:\users\mario hsiao\source\repos\visualstudioisolatedshell2015\vsshellstub1\vsshellstub1\vsshellstub1\debug\vsshellstub1.res
c:\users\mario hsiao\source\repos\visualstudioisolatedshell2015\vsshellstub1\vsshellstub1\vsshellstub1\debug\vsshellstub1.pch
c:\users\mario hsiao\source\repos\visualstudioisolatedshell2015\vsshellstub1\vsshellstub1\vsshellstub1\debug\vc140.idb
c:\users\mario hsiao\source\repos\visualstudioisolatedshell2015\vsshellstub1\vsshellstub1\vsshellstub1\debug\vc140.pdb
c:\users\mario hsiao\source\repos\visualstudioisolatedshell2015\vsshellstub1\vsshellstub1\vsshellstub1\debug\vsshellstub1.tlog\cl.command.1.tlog
c:\users\mario hsiao\source\repos\visualstudioisolatedshell2015\vsshellstub1\vsshellstub1\vsshellstub1\debug\vsshellstub1.tlog\cl.read.1.tlog
c:\users\mario hsiao\source\repos\visualstudioisolatedshell2015\vsshellstub1\vsshellstub1\vsshellstub1\debug\vsshellstub1.tlog\cl.write.1.tlog
c:\users\mario hsiao\source\repos\visualstudioisolatedshell2015\vsshellstub1\vsshellstub1\vsshellstub1\debug\vsshellstub1.tlog\link.command.1.tlog
c:\users\mario hsiao\source\repos\visualstudioisolatedshell2015\vsshellstub1\vsshellstub1\vsshellstub1\debug\vsshellstub1.tlog\link.read.1.tlog
c:\users\mario hsiao\source\repos\visualstudioisolatedshell2015\vsshellstub1\vsshellstub1\vsshellstub1\debug\vsshellstub1.tlog\link.write.1.tlog
c:\users\mario hsiao\source\repos\visualstudioisolatedshell2015\vsshellstub1\vsshellstub1\vsshellstub1\debug\vsshellstub1.tlog\rc.command.1.tlog
c:\users\mario hsiao\source\repos\visualstudioisolatedshell2015\vsshellstub1\vsshellstub1\vsshellstub1\debug\vsshellstub1.tlog\rc.read.1.tlog
c:\users\mario hsiao\source\repos\visualstudioisolatedshell2015\vsshellstub1\vsshellstub1\vsshellstub1\debug\vsshellstub1.tlog\rc.write.1.tlog
